-- Configuring done
-- Generating done
-- Build files have been written to: /home/pnirpal/Workspace/Learning/Courses/ProductionOpenANN
[  9%] Linking CXX executable CoreANN
[100%] Built target CoreANN
Running program...
0.00000
0.73104 0.73106 0.73105 
0.36681
0.72994 0.73059 0.72974 
0.36529
0.72884 0.73011 0.72843 
0.36377
0.72773 0.72963 0.72711 
0.36225
0.72662 0.72915 0.72579 
0.36073
0.72551 0.72868 0.72447 
0.35921
0.72440 0.72820 0.72313 
0.35768
0.72328 0.72772 0.72180 
0.35615
0.72216 0.72724 0.72045 
0.35462
0.72103 0.72676 0.71911 
0.35309
0.71990 0.72629 0.71776 
0.35156
0.71877 0.72581 0.71640 
0.35003
0.71764 0.72533 0.71504 
0.34850
0.71650 0.72485 0.71367 
0.34696
0.71536 0.72437 0.71230 
0.34542
0.71422 0.72389 0.71092 
0.34389
0.71307 0.72342 0.70954 
0.34235
0.71192 0.72294 0.70816 
0.34081
0.71077 0.72246 0.70677 
0.33927
0.70961 0.72198 0.70537 
0.33773
0.70846 0.72150 0.70397 
0.33619
0.70730 0.72102 0.70257 
0.33464
0.70613 0.72055 0.70116 
0.33310
0.70497 0.72007 0.69975 
0.33156
0.70380 0.71959 0.69833 
0.33002
0.70263 0.71911 0.69691 
0.32847
0.70145 0.71863 0.69548 
0.32693
0.70027 0.71816 0.69405 
0.32538
0.69910 0.71768 0.69262 
0.32384
0.69791 0.71720 0.69118 
0.32230
0.69673 0.71672 0.68974 
0.32075
0.69554 0.71624 0.68830 
0.31921
0.69435 0.71577 0.68685 
0.31767
0.69316 0.71529 0.68540 
0.31612
0.69197 0.71481 0.68394 
0.31458
0.69077 0.71433 0.68248 
0.31304
0.68958 0.71386 0.68102 
0.31150
0.68838 0.71338 0.67955 
0.30996
0.68717 0.71290 0.67808 
0.30842
0.68597 0.71243 0.67660 
0.30688
0.68476 0.71195 0.67513 
0.30534
0.68355 0.71147 0.67365 
0.30381
0.68234 0.71100 0.67216 
0.30227
0.68113 0.71052 0.67068 
0.30074
0.67992 0.71004 0.66919 
0.29921
0.67870 0.70957 0.66769 
0.29767
0.67748 0.70909 0.66620 
0.29615
0.67626 0.70862 0.66470 
0.29462
0.67504 0.70814 0.66320 
0.29309
0.67382 0.70767 0.66170 
0.29157
0.67259 0.70719 0.66019 
0.29004
0.67137 0.70672 0.65868 
0.28852
0.67014 0.70624 0.65717 
0.28700
0.66891 0.70577 0.65566 
0.28549
0.66768 0.70529 0.65414 
0.28397
0.66645 0.70482 0.65263 
0.28246
0.66522 0.70434 0.65111 
0.28095
0.66398 0.70387 0.64958 
0.27944
0.66275 0.70340 0.64806 
0.27794
0.66151 0.70292 0.64654 
0.27644
0.66027 0.70245 0.64501 
0.27494
0.65903 0.70198 0.64348 
0.27344
0.65779 0.70150 0.64195 
0.27194
0.65655 0.70103 0.64042 
0.27045
0.65531 0.70056 0.63889 
0.26897
0.65407 0.70009 0.63735 
0.26748
0.65283 0.69962 0.63582 
0.26600
0.65158 0.69914 0.63428 
0.26452
0.65034 0.69867 0.63274 
0.26304
0.64909 0.69820 0.63120 
0.26157
0.64785 0.69773 0.62966 
0.26010
0.64660 0.69726 0.62812 
0.25864
0.64535 0.69679 0.62658 
0.25718
0.64410 0.69632 0.62504 
0.25572
0.64285 0.69585 0.62350 
0.25426
0.64161 0.69538 0.62195 
0.25281
0.64036 0.69491 0.62041 
0.25137
0.63911 0.69445 0.61887 
0.24992
0.63786 0.69398 0.61732 
0.24848
0.63661 0.69351 0.61578 
0.24705
0.63536 0.69304 0.61423 
0.24562
0.63411 0.69258 0.61269 
0.24419
0.63286 0.69211 0.61114 
0.24277
0.63161 0.69164 0.60960 
0.24135
0.63036 0.69118 0.60806 
0.23994
0.62911 0.69071 0.60651 
0.23853
0.62786 0.69025 0.60497 
0.23713
0.62661 0.68978 0.60343 
0.23573
0.62536 0.68932 0.60189 
0.23433
0.62411 0.68885 0.60035 
0.23294
0.62287 0.68839 0.59881 
0.23156
0.62162 0.68792 0.59727 
0.23018
0.62037 0.68746 0.59573 
0.22880
0.61912 0.68700 0.59419 
0.22743
0.61788 0.68654 0.59265 
0.22606
0.61663 0.68607 0.59112 
0.22470
0.61539 0.68561 0.58958 
0.22335
0.61414 0.68515 0.58805 
0.22199
0.61290 0.68469 0.58652 
0.22065
0.61166 0.68423 0.58499 
