CMake Deprecation Warning at CMakeLists.txt:1 (cmake_minimum_required):
  Compatibility with CMake < 2.8.12 will be removed from a future version of
  CMake.

  Update the VERSION argument <min> value or use a ...<max> suffix to tell
  CMake that the project does not need compatibility with older versions.


-- Configuring done
-- Generating done
-- Build files have been written to: /home/panirpal/workspace/Learning/Courses/computer-vision/cpp
Consolidate compiler generated dependencies of target machineVision
[ 50%] Building CXX object CMakeFiles/machineVision.dir/src/basicimgops.cpp.o
/home/panirpal/workspace/Learning/Courses/computer-vision/cpp/src/basicimgops.cpp: In function ‘void Transform4(cv::Mat&)’:
/home/panirpal/workspace/Learning/Courses/computer-vision/cpp/src/basicimgops.cpp:62:25: error: no matching function for call to ‘max(u_char&, cv::Vec<unsigned char, 3>&)’
   62 |             maxVal = max(maxVal,img.at<cv::Vec3b>(i,j));
      |                      ~~~^~~~~~~~~~~~~~~~~~~~~~~~~~~~~~~
In file included from /usr/include/c++/11/array:40,
                 from /usr/local/include/opencv4/opencv2/core/cvdef.h:788,
                 from /usr/local/include/opencv4/opencv2/core.hpp:52,
                 from /usr/local/include/opencv4/opencv2/opencv.hpp:52,
                 from /home/panirpal/workspace/Learning/Courses/computer-vision/cpp/src/basicimgops.cpp:1:
/usr/include/c++/11/bits/stl_algobase.h:254:5: note: candidate: ‘template<class _Tp> constexpr const _Tp& std::max(const _Tp&, const _Tp&)’
  254 |     max(const _Tp& __a, const _Tp& __b)
      |     ^~~
/usr/include/c++/11/bits/stl_algobase.h:254:5: note:   template argument deduction/substitution failed:
/home/panirpal/workspace/Learning/Courses/computer-vision/cpp/src/basicimgops.cpp:62:25: note:   deduced conflicting types for parameter ‘const _Tp’ (‘unsigned char’ and ‘cv::Vec<unsigned char, 3>’)
   62 |             maxVal = max(maxVal,img.at<cv::Vec3b>(i,j));
      |                      ~~~^~~~~~~~~~~~~~~~~~~~~~~~~~~~~~~
In file included from /usr/include/c++/11/array:40,
                 from /usr/local/include/opencv4/opencv2/core/cvdef.h:788,
                 from /usr/local/include/opencv4/opencv2/core.hpp:52,
                 from /usr/local/include/opencv4/opencv2/opencv.hpp:52,
                 from /home/panirpal/workspace/Learning/Courses/computer-vision/cpp/src/basicimgops.cpp:1:
/usr/include/c++/11/bits/stl_algobase.h:300:5: note: candidate: ‘template<class _Tp, class _Compare> constexpr const _Tp& std::max(const _Tp&, const _Tp&, _Compare)’
  300 |     max(const _Tp& __a, const _Tp& __b, _Compare __comp)
      |     ^~~
/usr/include/c++/11/bits/stl_algobase.h:300:5: note:   template argument deduction/substitution failed:
/home/panirpal/workspace/Learning/Courses/computer-vision/cpp/src/basicimgops.cpp:62:25: note:   deduced conflicting types for parameter ‘const _Tp’ (‘unsigned char’ and ‘cv::Vec<unsigned char, 3>’)
   62 |             maxVal = max(maxVal,img.at<cv::Vec3b>(i,j));
      |                      ~~~^~~~~~~~~~~~~~~~~~~~~~~~~~~~~~~
In file included from /usr/include/c++/11/algorithm:62,
                 from /usr/local/include/opencv4/opencv2/core/base.hpp:55,
                 from /usr/local/include/opencv4/opencv2/core.hpp:53,
                 from /usr/local/include/opencv4/opencv2/opencv.hpp:52,
                 from /home/panirpal/workspace/Learning/Courses/computer-vision/cpp/src/basicimgops.cpp:1:
/usr/include/c++/11/bits/stl_algo.h:3461:5: note: candidate: ‘template<class _Tp> constexpr _Tp std::max(std::initializer_list<_Tp>)’
 3461 |     max(initializer_list<_Tp> __l)
      |     ^~~
/usr/include/c++/11/bits/stl_algo.h:3461:5: note:   template argument deduction/substitution failed:
/home/panirpal/workspace/Learning/Courses/computer-vision/cpp/src/basicimgops.cpp:62:25: note:   mismatched types ‘std::initializer_list<_Tp>’ and ‘unsigned char’
   62 |             maxVal = max(maxVal,img.at<cv::Vec3b>(i,j));
      |                      ~~~^~~~~~~~~~~~~~~~~~~~~~~~~~~~~~~
In file included from /usr/include/c++/11/algorithm:62,
                 from /usr/local/include/opencv4/opencv2/core/base.hpp:55,
                 from /usr/local/include/opencv4/opencv2/core.hpp:53,
                 from /usr/local/include/opencv4/opencv2/opencv.hpp:52,
                 from /home/panirpal/workspace/Learning/Courses/computer-vision/cpp/src/basicimgops.cpp:1:
/usr/include/c++/11/bits/stl_algo.h:3467:5: note: candidate: ‘template<class _Tp, class _Compare> constexpr _Tp std::max(std::initializer_list<_Tp>, _Compare)’
 3467 |     max(initializer_list<_Tp> __l, _Compare __comp)
      |     ^~~
/usr/include/c++/11/bits/stl_algo.h:3467:5: note:   template argument deduction/substitution failed:
/home/panirpal/workspace/Learning/Courses/computer-vision/cpp/src/basicimgops.cpp:62:25: note:   mismatched types ‘std::initializer_list<_Tp>’ and ‘unsigned char’
   62 |             maxVal = max(maxVal,img.at<cv::Vec3b>(i,j));
      |                      ~~~^~~~~~~~~~~~~~~~~~~~~~~~~~~~~~~
In file included from /usr/local/include/opencv4/opencv2/core/mat.hpp:3794,
                 from /usr/local/include/opencv4/opencv2/core.hpp:58,
                 from /usr/local/include/opencv4/opencv2/opencv.hpp:52,
                 from /home/panirpal/workspace/Learning/Courses/computer-vision/cpp/src/basicimgops.cpp:1:
/usr/local/include/opencv4/opencv2/core/mat.inl.hpp:3122:9: note: candidate: ‘template<class _Tp> cv::MatExpr cv::max(double, const cv::Mat_<_Tp>&)’
 3122 | MatExpr max(double s, const Mat_<_Tp>& a)
      |         ^~~
/usr/local/include/opencv4/opencv2/core/mat.inl.hpp:3122:9: note:   template argument deduction/substitution failed:
/home/panirpal/workspace/Learning/Courses/computer-vision/cpp/src/basicimgops.cpp:62:25: note:   ‘cv::Vec<unsigned char, 3>’ is not derived from ‘const cv::Mat_<_Tp>’
   62 |             maxVal = max(maxVal,img.at<cv::Vec3b>(i,j));
      |                      ~~~^~~~~~~~~~~~~~~~~~~~~~~~~~~~~~~
In file included from /usr/local/include/opencv4/opencv2/core/mat.hpp:3794,
                 from /usr/local/include/opencv4/opencv2/core.hpp:58,
                 from /usr/local/include/opencv4/opencv2/opencv.hpp:52,
                 from /home/panirpal/workspace/Learning/Courses/computer-vision/cpp/src/basicimgops.cpp:1:
/usr/local/include/opencv4/opencv2/core/mat.inl.hpp:3116:9: note: candidate: ‘template<class _Tp> cv::MatExpr cv::max(const cv::Mat_<_Tp>&, double)’
 3116 | MatExpr max(const Mat_<_Tp>& a, double s)
      |         ^~~
/usr/local/include/opencv4/opencv2/core/mat.inl.hpp:3116:9: note:   template argument deduction/substitution failed:
/home/panirpal/workspace/Learning/Courses/computer-vision/cpp/src/basicimgops.cpp:62:25: note:   mismatched types ‘const cv::Mat_<_Tp>’ and ‘u_char’ {aka ‘unsigned char’}
   62 |             maxVal = max(maxVal,img.at<cv::Vec3b>(i,j));
      |                      ~~~^~~~~~~~~~~~~~~~~~~~~~~~~~~~~~~
In file included from /usr/local/include/opencv4/opencv2/core/mat.hpp:3794,
                 from /usr/local/include/opencv4/opencv2/core.hpp:58,
                 from /usr/local/include/opencv4/opencv2/opencv.hpp:52,
                 from /home/panirpal/workspace/Learning/Courses/computer-vision/cpp/src/basicimgops.cpp:1:
/usr/local/include/opencv4/opencv2/core/mat.inl.hpp:3110:9: note: candidate: ‘template<class _Tp> cv::MatExpr cv::max(const cv::Mat_<_Tp>&, const cv::Mat_<_Tp>&)’
 3110 | MatExpr max(const Mat_<_Tp>& a, const Mat_<_Tp>& b)
      |         ^~~
/usr/local/include/opencv4/opencv2/core/mat.inl.hpp:3110:9: note:   template argument deduction/substitution failed:
/home/panirpal/workspace/Learning/Courses/computer-vision/cpp/src/basicimgops.cpp:62:25: note:   mismatched types ‘const cv::Mat_<_Tp>’ and ‘u_char’ {aka ‘unsigned char’}
   62 |             maxVal = max(maxVal,img.at<cv::Vec3b>(i,j));
      |                      ~~~^~~~~~~~~~~~~~~~~~~~~~~~~~~~~~~
In file included from /usr/local/include/opencv4/opencv2/core.hpp:58,
                 from /usr/local/include/opencv4/opencv2/opencv.hpp:52,
                 from /home/panirpal/workspace/Learning/Courses/computer-vision/cpp/src/basicimgops.cpp:1:
/usr/local/include/opencv4/opencv2/core/mat.hpp:3770:9: note: candidate: ‘template<class _Tp, int m, int n> cv::MatExpr cv::max(const cv::Matx<_Tp, m, n>&, const cv::Mat&)’
 3770 | MatExpr max (const Matx<_Tp, m, n>& a, const Mat& b) { return max(Mat(a), b); }
      |         ^~~
/usr/local/include/opencv4/opencv2/core/mat.hpp:3770:9: note:   template argument deduction/substitution failed:
/home/panirpal/workspace/Learning/Courses/computer-vision/cpp/src/basicimgops.cpp:62:25: note:   mismatched types ‘const cv::Matx<_Tp, m, n>’ and ‘u_char’ {aka ‘unsigned char’}
   62 |             maxVal = max(maxVal,img.at<cv::Vec3b>(i,j));
      |                      ~~~^~~~~~~~~~~~~~~~~~~~~~~~~~~~~~~
In file included from /usr/local/include/opencv4/opencv2/core.hpp:58,
                 from /usr/local/include/opencv4/opencv2/opencv.hpp:52,
                 from /home/panirpal/workspace/Learning/Courses/computer-vision/cpp/src/basicimgops.cpp:1:
/usr/local/include/opencv4/opencv2/core/mat.hpp:3768:9: note: candidate: ‘template<class _Tp, int m, int n> cv::MatExpr cv::max(const cv::Mat&, const cv::Matx<_Tp, m, n>&)’
 3768 | MatExpr max (const Mat& a, const Matx<_Tp, m, n>& b) { return max(a, Mat(b)); }
      |         ^~~
/usr/local/include/opencv4/opencv2/core/mat.hpp:3768:9: note:   template argument deduction/substitution failed:
/home/panirpal/workspace/Learning/Courses/computer-vision/cpp/src/basicimgops.cpp:62:26: note:   cannot convert ‘maxVal’ (type ‘u_char’ {aka ‘unsigned char’}) to type ‘const cv::Mat&’
   62 |             maxVal = max(maxVal,img.at<cv::Vec3b>(i,j));
      |                          ^~~~~~
In file included from /usr/local/include/opencv4/opencv2/opencv.hpp:52,
                 from /home/panirpal/workspace/Learning/Courses/computer-vision/cpp/src/basicimgops.cpp:1:
/usr/local/include/opencv4/opencv2/core.hpp:1538:17: note: candidate: ‘void cv::max(const cv::UMat&, const cv::UMat&, cv::UMat&)’
 1538 | CV_EXPORTS void max(const UMat& src1, const UMat& src2, UMat& dst);
      |                 ^~~
/usr/local/include/opencv4/opencv2/core.hpp:1538:17: note:   candidate expects 3 arguments, 2 provided
/usr/local/include/opencv4/opencv2/core.hpp:1534:17: note: candidate: ‘void cv::max(const cv::Mat&, const cv::Mat&, cv::Mat&)’
 1534 | CV_EXPORTS void max(const Mat& src1, const Mat& src2, Mat& dst);
      |                 ^~~
/usr/local/include/opencv4/opencv2/core.hpp:1534:17: note:   candidate expects 3 arguments, 2 provided
/usr/local/include/opencv4/opencv2/core.hpp:1530:19: note: candidate: ‘void cv::max(cv::InputArray, cv::InputArray, cv::OutputArray)’
 1530 | CV_EXPORTS_W void max(InputArray src1, InputArray src2, OutputArray dst);
      |                   ^~~
/usr/local/include/opencv4/opencv2/core.hpp:1530:19: note:   candidate expects 3 arguments, 2 provided
In file included from /usr/local/include/opencv4/opencv2/core.hpp:58,
                 from /usr/local/include/opencv4/opencv2/opencv.hpp:52,
                 from /home/panirpal/workspace/Learning/Courses/computer-vision/cpp/src/basicimgops.cpp:1:
/usr/local/include/opencv4/opencv2/core/mat.hpp:3766:20: note: candidate: ‘cv::MatExpr cv::max(double, const cv::Mat&)’
 3766 | CV_EXPORTS MatExpr max(double s, const Mat& a);
      |                    ^~~
/usr/local/include/opencv4/opencv2/core/mat.hpp:3766:45: note:   no known conversion for argument 2 from ‘cv::Vec<unsigned char, 3>’ to ‘const cv::Mat&’
 3766 | CV_EXPORTS MatExpr max(double s, const Mat& a);
      |                                  ~~~~~~~~~~~^
/usr/local/include/opencv4/opencv2/core/mat.hpp:3765:20: note: candidate: ‘cv::MatExpr cv::max(const cv::Mat&, double)’
 3765 | CV_EXPORTS MatExpr max(const Mat& a, double s);
      |                    ^~~
/usr/local/include/opencv4/opencv2/core/mat.hpp:3765:35: note:   no known conversion for argument 1 from ‘u_char’ {aka ‘unsigned char’} to ‘const cv::Mat&’
 3765 | CV_EXPORTS MatExpr max(const Mat& a, double s);
      |                        ~~~~~~~~~~~^
/usr/local/include/opencv4/opencv2/core/mat.hpp:3764:20: note: candidate: ‘cv::MatExpr cv::max(const cv::Mat&, const cv::Mat&)’
 3764 | CV_EXPORTS MatExpr max(const Mat& a, const Mat& b);
      |                    ^~~
/usr/local/include/opencv4/opencv2/core/mat.hpp:3764:35: note:   no known conversion for argument 1 from ‘u_char’ {aka ‘unsigned char’} to ‘const cv::Mat&’
 3764 | CV_EXPORTS MatExpr max(const Mat& a, const Mat& b);
      |                        ~~~~~~~~~~~^
/home/panirpal/workspace/Learning/Courses/computer-vision/cpp/src/basicimgops.cpp:63:25: error: no matching function for call to ‘min(u_char&, cv::Vec<unsigned char, 3>&)’
   63 |             minVal = min(minVal,img.at<cv::Vec3b>(i,j));
      |                      ~~~^~~~~~~~~~~~~~~~~~~~~~~~~~~~~~~
In file included from /usr/include/c++/11/array:40,
                 from /usr/local/include/opencv4/opencv2/core/cvdef.h:788,
                 from /usr/local/include/opencv4/opencv2/core.hpp:52,
                 from /usr/local/include/opencv4/opencv2/opencv.hpp:52,
                 from /home/panirpal/workspace/Learning/Courses/computer-vision/cpp/src/basicimgops.cpp:1:
/usr/include/c++/11/bits/stl_algobase.h:230:5: note: candidate: ‘template<class _Tp> constexpr const _Tp& std::min(const _Tp&, const _Tp&)’
  230 |     min(const _Tp& __a, const _Tp& __b)
      |     ^~~
/usr/include/c++/11/bits/stl_algobase.h:230:5: note:   template argument deduction/substitution failed:
/home/panirpal/workspace/Learning/Courses/computer-vision/cpp/src/basicimgops.cpp:63:25: note:   deduced conflicting types for parameter ‘const _Tp’ (‘unsigned char’ and ‘cv::Vec<unsigned char, 3>’)
   63 |             minVal = min(minVal,img.at<cv::Vec3b>(i,j));
      |                      ~~~^~~~~~~~~~~~~~~~~~~~~~~~~~~~~~~
In file included from /usr/include/c++/11/array:40,
                 from /usr/local/include/opencv4/opencv2/core/cvdef.h:788,
                 from /usr/local/include/opencv4/opencv2/core.hpp:52,
                 from /usr/local/include/opencv4/opencv2/opencv.hpp:52,
                 from /home/panirpal/workspace/Learning/Courses/computer-vision/cpp/src/basicimgops.cpp:1:
/usr/include/c++/11/bits/stl_algobase.h:278:5: note: candidate: ‘template<class _Tp, class _Compare> constexpr const _Tp& std::min(const _Tp&, const _Tp&, _Compare)’
  278 |     min(const _Tp& __a, const _Tp& __b, _Compare __comp)
      |     ^~~
/usr/include/c++/11/bits/stl_algobase.h:278:5: note:   template argument deduction/substitution failed:
/home/panirpal/workspace/Learning/Courses/computer-vision/cpp/src/basicimgops.cpp:63:25: note:   deduced conflicting types for parameter ‘const _Tp’ (‘unsigned char’ and ‘cv::Vec<unsigned char, 3>’)
   63 |             minVal = min(minVal,img.at<cv::Vec3b>(i,j));
      |                      ~~~^~~~~~~~~~~~~~~~~~~~~~~~~~~~~~~
In file included from /usr/include/c++/11/algorithm:62,
                 from /usr/local/include/opencv4/opencv2/core/base.hpp:55,
                 from /usr/local/include/opencv4/opencv2/core.hpp:53,
                 from /usr/local/include/opencv4/opencv2/opencv.hpp:52,
                 from /home/panirpal/workspace/Learning/Courses/computer-vision/cpp/src/basicimgops.cpp:1:
/usr/include/c++/11/bits/stl_algo.h:3449:5: note: candidate: ‘template<class _Tp> constexpr _Tp std::min(std::initializer_list<_Tp>)’
 3449 |     min(initializer_list<_Tp> __l)
      |     ^~~
/usr/include/c++/11/bits/stl_algo.h:3449:5: note:   template argument deduction/substitution failed:
/home/panirpal/workspace/Learning/Courses/computer-vision/cpp/src/basicimgops.cpp:63:25: note:   mismatched types ‘std::initializer_list<_Tp>’ and ‘unsigned char’
   63 |             minVal = min(minVal,img.at<cv::Vec3b>(i,j));
      |                      ~~~^~~~~~~~~~~~~~~~~~~~~~~~~~~~~~~
In file included from /usr/include/c++/11/algorithm:62,
                 from /usr/local/include/opencv4/opencv2/core/base.hpp:55,
                 from /usr/local/include/opencv4/opencv2/core.hpp:53,
                 from /usr/local/include/opencv4/opencv2/opencv.hpp:52,
                 from /home/panirpal/workspace/Learning/Courses/computer-vision/cpp/src/basicimgops.cpp:1:
/usr/include/c++/11/bits/stl_algo.h:3455:5: note: candidate: ‘template<class _Tp, class _Compare> constexpr _Tp std::min(std::initializer_list<_Tp>, _Compare)’
 3455 |     min(initializer_list<_Tp> __l, _Compare __comp)
      |     ^~~
/usr/include/c++/11/bits/stl_algo.h:3455:5: note:   template argument deduction/substitution failed:
/home/panirpal/workspace/Learning/Courses/computer-vision/cpp/src/basicimgops.cpp:63:25: note:   mismatched types ‘std::initializer_list<_Tp>’ and ‘unsigned char’
   63 |             minVal = min(minVal,img.at<cv::Vec3b>(i,j));
      |                      ~~~^~~~~~~~~~~~~~~~~~~~~~~~~~~~~~~
In file included from /usr/local/include/opencv4/opencv2/core/mat.hpp:3794,
                 from /usr/local/include/opencv4/opencv2/core.hpp:58,
                 from /usr/local/include/opencv4/opencv2/opencv.hpp:52,
                 from /home/panirpal/workspace/Learning/Courses/computer-vision/cpp/src/basicimgops.cpp:1:
/usr/local/include/opencv4/opencv2/core/mat.inl.hpp:3104:9: note: candidate: ‘template<class _Tp> cv::MatExpr cv::min(double, const cv::Mat_<_Tp>&)’
 3104 | MatExpr min(double s, const Mat_<_Tp>& a)
      |         ^~~
/usr/local/include/opencv4/opencv2/core/mat.inl.hpp:3104:9: note:   template argument deduction/substitution failed:
/home/panirpal/workspace/Learning/Courses/computer-vision/cpp/src/basicimgops.cpp:63:25: note:   ‘cv::Vec<unsigned char, 3>’ is not derived from ‘const cv::Mat_<_Tp>’
   63 |             minVal = min(minVal,img.at<cv::Vec3b>(i,j));
      |                      ~~~^~~~~~~~~~~~~~~~~~~~~~~~~~~~~~~
In file included from /usr/local/include/opencv4/opencv2/core/mat.hpp:3794,
                 from /usr/local/include/opencv4/opencv2/core.hpp:58,
                 from /usr/local/include/opencv4/opencv2/opencv.hpp:52,
                 from /home/panirpal/workspace/Learning/Courses/computer-vision/cpp/src/basicimgops.cpp:1:
/usr/local/include/opencv4/opencv2/core/mat.inl.hpp:3098:9: note: candidate: ‘template<class _Tp> cv::MatExpr cv::min(const cv::Mat_<_Tp>&, double)’
 3098 | MatExpr min(const Mat_<_Tp>& a, double s)
      |         ^~~
/usr/local/include/opencv4/opencv2/core/mat.inl.hpp:3098:9: note:   template argument deduction/substitution failed:
/home/panirpal/workspace/Learning/Courses/computer-vision/cpp/src/basicimgops.cpp:63:25: note:   mismatched types ‘const cv::Mat_<_Tp>’ and ‘u_char’ {aka ‘unsigned char’}
   63 |             minVal = min(minVal,img.at<cv::Vec3b>(i,j));
      |                      ~~~^~~~~~~~~~~~~~~~~~~~~~~~~~~~~~~
In file included from /usr/local/include/opencv4/opencv2/core/mat.hpp:3794,
                 from /usr/local/include/opencv4/opencv2/core.hpp:58,
                 from /usr/local/include/opencv4/opencv2/opencv.hpp:52,
                 from /home/panirpal/workspace/Learning/Courses/computer-vision/cpp/src/basicimgops.cpp:1:
/usr/local/include/opencv4/opencv2/core/mat.inl.hpp:3092:9: note: candidate: ‘template<class _Tp> cv::MatExpr cv::min(const cv::Mat_<_Tp>&, const cv::Mat_<_Tp>&)’
 3092 | MatExpr min(const Mat_<_Tp>& a, const Mat_<_Tp>& b)
      |         ^~~
/usr/local/include/opencv4/opencv2/core/mat.inl.hpp:3092:9: note:   template argument deduction/substitution failed:
/home/panirpal/workspace/Learning/Courses/computer-vision/cpp/src/basicimgops.cpp:63:25: note:   mismatched types ‘const cv::Mat_<_Tp>’ and ‘u_char’ {aka ‘unsigned char’}
   63 |             minVal = min(minVal,img.at<cv::Vec3b>(i,j));
      |                      ~~~^~~~~~~~~~~~~~~~~~~~~~~~~~~~~~~
In file included from /usr/local/include/opencv4/opencv2/core.hpp:58,
                 from /usr/local/include/opencv4/opencv2/opencv.hpp:52,
                 from /home/panirpal/workspace/Learning/Courses/computer-vision/cpp/src/basicimgops.cpp:1:
/usr/local/include/opencv4/opencv2/core/mat.hpp:3762:9: note: candidate: ‘template<class _Tp, int m, int n> cv::MatExpr cv::min(const cv::Matx<_Tp, m, n>&, const cv::Mat&)’
 3762 | MatExpr min (const Matx<_Tp, m, n>& a, const Mat& b) { return min(Mat(a), b); }
      |         ^~~
/usr/local/include/opencv4/opencv2/core/mat.hpp:3762:9: note:   template argument deduction/substitution failed:
/home/panirpal/workspace/Learning/Courses/computer-vision/cpp/src/basicimgops.cpp:63:25: note:   mismatched types ‘const cv::Matx<_Tp, m, n>’ and ‘u_char’ {aka ‘unsigned char’}
   63 |             minVal = min(minVal,img.at<cv::Vec3b>(i,j));
      |                      ~~~^~~~~~~~~~~~~~~~~~~~~~~~~~~~~~~
In file included from /usr/local/include/opencv4/opencv2/core.hpp:58,
                 from /usr/local/include/opencv4/opencv2/opencv.hpp:52,
                 from /home/panirpal/workspace/Learning/Courses/computer-vision/cpp/src/basicimgops.cpp:1:
/usr/local/include/opencv4/opencv2/core/mat.hpp:3760:9: note: candidate: ‘template<class _Tp, int m, int n> cv::MatExpr cv::min(const cv::Mat&, const cv::Matx<_Tp, m, n>&)’
 3760 | MatExpr min (const Mat& a, const Matx<_Tp, m, n>& b) { return min(a, Mat(b)); }
      |         ^~~
/usr/local/include/opencv4/opencv2/core/mat.hpp:3760:9: note:   template argument deduction/substitution failed:
/home/panirpal/workspace/Learning/Courses/computer-vision/cpp/src/basicimgops.cpp:63:26: note:   cannot convert ‘minVal’ (type ‘u_char’ {aka ‘unsigned char’}) to type ‘const cv::Mat&’
   63 |             minVal = min(minVal,img.at<cv::Vec3b>(i,j));
      |                          ^~~~~~
In file included from /usr/local/include/opencv4/opencv2/opencv.hpp:52,
                 from /home/panirpal/workspace/Learning/Courses/computer-vision/cpp/src/basicimgops.cpp:1:
/usr/local/include/opencv4/opencv2/core.hpp:1517:17: note: candidate: ‘void cv::min(const cv::UMat&, const cv::UMat&, cv::UMat&)’
 1517 | CV_EXPORTS void min(const UMat& src1, const UMat& src2, UMat& dst);
      |                 ^~~
/usr/local/include/opencv4/opencv2/core.hpp:1517:17: note:   candidate expects 3 arguments, 2 provided
/usr/local/include/opencv4/opencv2/core.hpp:1513:17: note: candidate: ‘void cv::min(const cv::Mat&, const cv::Mat&, cv::Mat&)’
 1513 | CV_EXPORTS void min(const Mat& src1, const Mat& src2, Mat& dst);
      |                 ^~~
/usr/local/include/opencv4/opencv2/core.hpp:1513:17: note:   candidate expects 3 arguments, 2 provided
/usr/local/include/opencv4/opencv2/core.hpp:1509:19: note: candidate: ‘void cv::min(cv::InputArray, cv::InputArray, cv::OutputArray)’
 1509 | CV_EXPORTS_W void min(InputArray src1, InputArray src2, OutputArray dst);
      |                   ^~~
/usr/local/include/opencv4/opencv2/core.hpp:1509:19: note:   candidate expects 3 arguments, 2 provided
In file included from /usr/local/include/opencv4/opencv2/core.hpp:58,
                 from /usr/local/include/opencv4/opencv2/opencv.hpp:52,
                 from /home/panirpal/workspace/Learning/Courses/computer-vision/cpp/src/basicimgops.cpp:1:
/usr/local/include/opencv4/opencv2/core/mat.hpp:3758:20: note: candidate: ‘cv::MatExpr cv::min(double, const cv::Mat&)’
 3758 | CV_EXPORTS MatExpr min(double s, const Mat& a);
      |                    ^~~
/usr/local/include/opencv4/opencv2/core/mat.hpp:3758:45: note:   no known conversion for argument 2 from ‘cv::Vec<unsigned char, 3>’ to ‘const cv::Mat&’
 3758 | CV_EXPORTS MatExpr min(double s, const Mat& a);
      |                                  ~~~~~~~~~~~^
/usr/local/include/opencv4/opencv2/core/mat.hpp:3757:20: note: candidate: ‘cv::MatExpr cv::min(const cv::Mat&, double)’
 3757 | CV_EXPORTS MatExpr min(const Mat& a, double s);
      |                    ^~~
/usr/local/include/opencv4/opencv2/core/mat.hpp:3757:35: note:   no known conversion for argument 1 from ‘u_char’ {aka ‘unsigned char’} to ‘const cv::Mat&’
 3757 | CV_EXPORTS MatExpr min(const Mat& a, double s);
      |                        ~~~~~~~~~~~^
/usr/local/include/opencv4/opencv2/core/mat.hpp:3756:20: note: candidate: ‘cv::MatExpr cv::min(const cv::Mat&, const cv::Mat&)’
 3756 | CV_EXPORTS MatExpr min(const Mat& a, const Mat& b);
      |                    ^~~
/usr/local/include/opencv4/opencv2/core/mat.hpp:3756:35: note:   no known conversion for argument 1 from ‘u_char’ {aka ‘unsigned char’} to ‘const cv::Mat&’
 3756 | CV_EXPORTS MatExpr min(const Mat& a, const Mat& b);
      |                        ~~~~~~~~~~~^
/home/panirpal/workspace/Learning/Courses/computer-vision/cpp/src/basicimgops.cpp:68:62: error: no match for ‘operator-’ (operand types are ‘cv::Vec<unsigned char, 3>’ and ‘u_char’ {aka ‘unsigned char’})
   68 |             img.at<cv::Vec3b>(i,j) = (img.at<cv::Vec3b>(i,j) - minVal)*(255/(maxVal-minVal));
      |                                       ~~~~~~~~~~~~~~~~~~~~~~ ^ ~~~~~~
      |                                                        |       |
      |                                                        |       u_char {aka unsigned char}
      |                                                        cv::Vec<unsigned char, 3>
In file included from /usr/include/c++/11/bits/stl_algobase.h:67,
                 from /usr/include/c++/11/array:40,
                 from /usr/local/include/opencv4/opencv2/core/cvdef.h:788,
                 from /usr/local/include/opencv4/opencv2/core.hpp:52,
                 from /usr/local/include/opencv4/opencv2/opencv.hpp:52,
                 from /home/panirpal/workspace/Learning/Courses/computer-vision/cpp/src/basicimgops.cpp:1:
/usr/include/c++/11/bits/stl_iterator.h:577:5: note: candidate: ‘template<class _IteratorL, class _IteratorR> constexpr decltype ((__y.base() - __x.base())) std::operator-(const std::reverse_iterator<_Iterator>&, const std::reverse_iterator<_IteratorR>&)’
  577 |     operator-(const reverse_iterator<_IteratorL>& __x,
      |     ^~~~~~~~
/usr/include/c++/11/bits/stl_iterator.h:577:5: note:   template argument deduction/substitution failed:
/home/panirpal/workspace/Learning/Courses/computer-vision/cpp/src/basicimgops.cpp:68:64: note:   ‘cv::Vec<unsigned char, 3>’ is not derived from ‘const std::reverse_iterator<_Iterator>’
   68 |             img.at<cv::Vec3b>(i,j) = (img.at<cv::Vec3b>(i,j) - minVal)*(255/(maxVal-minVal));
      |                                                                ^~~~~~
In file included from /usr/include/c++/11/bits/stl_algobase.h:67,
                 from /usr/include/c++/11/array:40,
                 from /usr/local/include/opencv4/opencv2/core/cvdef.h:788,
                 from /usr/local/include/opencv4/opencv2/core.hpp:52,
                 from /usr/local/include/opencv4/opencv2/opencv.hpp:52,
                 from /home/panirpal/workspace/Learning/Courses/computer-vision/cpp/src/basicimgops.cpp:1:
/usr/include/c++/11/bits/stl_iterator.h:1693:5: note: candidate: ‘template<class _IteratorL, class _IteratorR> constexpr decltype ((__x.base() - __y.base())) std::operator-(const std::move_iterator<_IteratorL>&, const std::move_iterator<_IteratorR>&)’
 1693 |     operator-(const move_iterator<_IteratorL>& __x,
      |     ^~~~~~~~
/usr/include/c++/11/bits/stl_iterator.h:1693:5: note:   template argument deduction/substitution failed:
/home/panirpal/workspace/Learning/Courses/computer-vision/cpp/src/basicimgops.cpp:68:64: note:   ‘cv::Vec<unsigned char, 3>’ is not derived from ‘const std::move_iterator<_IteratorL>’
   68 |             img.at<cv::Vec3b>(i,j) = (img.at<cv::Vec3b>(i,j) - minVal)*(255/(maxVal-minVal));
      |                                                                ^~~~~~
In file included from /usr/local/include/opencv4/opencv2/core/cvstd.inl.hpp:47,
                 from /usr/local/include/opencv4/opencv2/core.hpp:3391,
                 from /usr/local/include/opencv4/opencv2/opencv.hpp:52,
                 from /home/panirpal/workspace/Learning/Courses/computer-vision/cpp/src/basicimgops.cpp:1:
/usr/include/c++/11/complex:362:5: note: candidate: ‘template<class _Tp> std::complex<_Tp> std::operator-(const std::complex<_Tp>&, const std::complex<_Tp>&)’
  362 |     operator-(const complex<_Tp>& __x, const complex<_Tp>& __y)
      |     ^~~~~~~~
/usr/include/c++/11/complex:362:5: note:   template argument deduction/substitution failed:
/home/panirpal/workspace/Learning/Courses/computer-vision/cpp/src/basicimgops.cpp:68:64: note:   ‘cv::Vec<unsigned char, 3>’ is not derived from ‘const std::complex<_Tp>’
   68 |             img.at<cv::Vec3b>(i,j) = (img.at<cv::Vec3b>(i,j) - minVal)*(255/(maxVal-minVal));
      |                                                                ^~~~~~
In file included from /usr/local/include/opencv4/opencv2/core/cvstd.inl.hpp:47,
                 from /usr/local/include/opencv4/opencv2/core.hpp:3391,
                 from /usr/local/include/opencv4/opencv2/opencv.hpp:52,
                 from /home/panirpal/workspace/Learning/Courses/computer-vision/cpp/src/basicimgops.cpp:1:
/usr/include/c++/11/complex:371:5: note: candidate: ‘template<class _Tp> std::complex<_Tp> std::operator-(const std::complex<_Tp>&, const _Tp&)’
  371 |     operator-(const complex<_Tp>& __x, const _Tp& __y)
      |     ^~~~~~~~
/usr/include/c++/11/complex:371:5: note:   template argument deduction/substitution failed:
/home/panirpal/workspace/Learning/Courses/computer-vision/cpp/src/basicimgops.cpp:68:64: note:   ‘cv::Vec<unsigned char, 3>’ is not derived from ‘const std::complex<_Tp>’
   68 |             img.at<cv::Vec3b>(i,j) = (img.at<cv::Vec3b>(i,j) - minVal)*(255/(maxVal-minVal));
      |                                                                ^~~~~~
In file included from /usr/local/include/opencv4/opencv2/core/cvstd.inl.hpp:47,
                 from /usr/local/include/opencv4/opencv2/core.hpp:3391,
                 from /usr/local/include/opencv4/opencv2/opencv.hpp:52,
                 from /home/panirpal/workspace/Learning/Courses/computer-vision/cpp/src/basicimgops.cpp:1:
/usr/include/c++/11/complex:380:5: note: candidate: ‘template<class _Tp> std::complex<_Tp> std::operator-(const _Tp&, const std::complex<_Tp>&)’
  380 |     operator-(const _Tp& __x, const complex<_Tp>& __y)
      |     ^~~~~~~~
/usr/include/c++/11/complex:380:5: note:   template argument deduction/substitution failed:
/home/panirpal/workspace/Learning/Courses/computer-vision/cpp/src/basicimgops.cpp:68:64: note:   mismatched types ‘const std::complex<_Tp>’ and ‘u_char’ {aka ‘unsigned char’}
   68 |             img.at<cv::Vec3b>(i,j) = (img.at<cv::Vec3b>(i,j) - minVal)*(255/(maxVal-minVal));
      |                                                                ^~~~~~
In file included from /usr/local/include/opencv4/opencv2/core/cvstd.inl.hpp:47,
                 from /usr/local/include/opencv4/opencv2/core.hpp:3391,
                 from /usr/local/include/opencv4/opencv2/opencv.hpp:52,
                 from /home/panirpal/workspace/Learning/Courses/computer-vision/cpp/src/basicimgops.cpp:1:
/usr/include/c++/11/complex:457:5: note: candidate: ‘template<class _Tp> std::complex<_Tp> std::operator-(const std::complex<_Tp>&)’
  457 |     operator-(const complex<_Tp>& __x)
      |     ^~~~~~~~
/usr/include/c++/11/complex:457:5: note:   template argument deduction/substitution failed:
/home/panirpal/workspace/Learning/Courses/computer-vision/cpp/src/basicimgops.cpp:68:64: note:   ‘cv::Vec<unsigned char, 3>’ is not derived from ‘const std::complex<_Tp>’
   68 |             img.at<cv::Vec3b>(i,j) = (img.at<cv::Vec3b>(i,j) - minVal)*(255/(maxVal-minVal));
      |                                                                ^~~~~~
In file included from /usr/local/include/opencv4/opencv2/core.hpp:56,
                 from /usr/local/include/opencv4/opencv2/opencv.hpp:52,
                 from /home/panirpal/workspace/Learning/Courses/computer-vision/cpp/src/basicimgops.cpp:1:
/usr/local/include/opencv4/opencv2/core/matx.hpp:1244:17: note: candidate: ‘template<class _Tp, int m, int n> cv::Matx<_Tp, m, n> cv::operator-(const cv::Matx<_Tp, m, n>&, const cv::Matx<_Tp, m, n>&)’
 1244 | Matx<_Tp, m, n> operator - (const Matx<_Tp, m, n>& a, const Matx<_Tp, m, n>& b)
      |                 ^~~~~~~~
/usr/local/include/opencv4/opencv2/core/matx.hpp:1244:17: note:   template argument deduction/substitution failed:
/home/panirpal/workspace/Learning/Courses/computer-vision/cpp/src/basicimgops.cpp:68:64: note:   mismatched types ‘const cv::Matx<_Tp, m, n>’ and ‘u_char’ {aka ‘unsigned char’}
   68 |             img.at<cv::Vec3b>(i,j) = (img.at<cv::Vec3b>(i,j) - minVal)*(255/(maxVal-minVal));
      |                                                                ^~~~~~
In file included from /usr/local/include/opencv4/opencv2/core.hpp:56,
                 from /usr/local/include/opencv4/opencv2/opencv.hpp:52,
                 from /home/panirpal/workspace/Learning/Courses/computer-vision/cpp/src/basicimgops.cpp:1:
/usr/local/include/opencv4/opencv2/core/matx.hpp:1338:17: note: candidate: ‘template<class _Tp, int m, int n> cv::Matx<_Tp, m, n> cv::operator-(const cv::Matx<_Tp, m, n>&)’
 1338 | Matx<_Tp, m, n> operator - (const Matx<_Tp, m, n>& a)
      |                 ^~~~~~~~
/usr/local/include/opencv4/opencv2/core/matx.hpp:1338:17: note:   template argument deduction/substitution failed:
/home/panirpal/workspace/Learning/Courses/computer-vision/cpp/src/basicimgops.cpp:68:64: note:   candidate expects 1 argument, 2 provided
   68 |             img.at<cv::Vec3b>(i,j) = (img.at<cv::Vec3b>(i,j) - minVal)*(255/(maxVal-minVal));
      |                                                                ^~~~~~
In file included from /usr/local/include/opencv4/opencv2/core.hpp:56,
                 from /usr/local/include/opencv4/opencv2/opencv.hpp:52,
                 from /home/panirpal/workspace/Learning/Courses/computer-vision/cpp/src/basicimgops.cpp:1:
/usr/local/include/opencv4/opencv2/core/matx.hpp:1400:14: note: candidate: ‘template<class _Tp, int cn> cv::Vec<_Tp, m> cv::operator-(const cv::Vec<_Tp, m>&, const cv::Vec<_Tp, m>&)’
 1400 | Vec<_Tp, cn> operator - (const Vec<_Tp, cn>& a, const Vec<_Tp, cn>& b)
      |              ^~~~~~~~
/usr/local/include/opencv4/opencv2/core/matx.hpp:1400:14: note:   template argument deduction/substitution failed:
/home/panirpal/workspace/Learning/Courses/computer-vision/cpp/src/basicimgops.cpp:68:64: note:   mismatched types ‘const cv::Vec<_Tp, m>’ and ‘u_char’ {aka ‘unsigned char’}
   68 |             img.at<cv::Vec3b>(i,j) = (img.at<cv::Vec3b>(i,j) - minVal)*(255/(maxVal-minVal));
      |                                                                ^~~~~~
In file included from /usr/local/include/opencv4/opencv2/core.hpp:56,
                 from /usr/local/include/opencv4/opencv2/opencv.hpp:52,
                 from /home/panirpal/workspace/Learning/Courses/computer-vision/cpp/src/basicimgops.cpp:1:
/usr/local/include/opencv4/opencv2/core/matx.hpp:1511:14: note: candidate: ‘template<class _Tp, int cn> cv::Vec<_Tp, m> cv::operator-(const cv::Vec<_Tp, m>&)’
 1511 | Vec<_Tp, cn> operator - (const Vec<_Tp, cn>& a)
      |              ^~~~~~~~
/usr/local/include/opencv4/opencv2/core/matx.hpp:1511:14: note:   template argument deduction/substitution failed:
/home/panirpal/workspace/Learning/Courses/computer-vision/cpp/src/basicimgops.cpp:68:64: note:   candidate expects 1 argument, 2 provided
   68 |             img.at<cv::Vec3b>(i,j) = (img.at<cv::Vec3b>(i,j) - minVal)*(255/(maxVal-minVal));
      |                                                                ^~~~~~
In file included from /usr/local/include/opencv4/opencv2/core.hpp:57,
                 from /usr/local/include/opencv4/opencv2/opencv.hpp:52,
                 from /home/panirpal/workspace/Learning/Courses/computer-vision/cpp/src/basicimgops.cpp:1:
/usr/local/include/opencv4/opencv2/core/types.hpp:1071:14: note: candidate: ‘template<class _Tp> cv::Complex<_Tp> cv::operator-(const cv::Complex<_Tp>&, const cv::Complex<_Tp>&)’
 1071 | Complex<_Tp> operator - (const Complex<_Tp>& a, const Complex<_Tp>& b)
      |              ^~~~~~~~
/usr/local/include/opencv4/opencv2/core/types.hpp:1071:14: note:   template argument deduction/substitution failed:
/home/panirpal/workspace/Learning/Courses/computer-vision/cpp/src/basicimgops.cpp:68:64: note:   ‘cv::Vec<unsigned char, 3>’ is not derived from ‘const cv::Complex<_Tp>’
   68 |             img.at<cv::Vec3b>(i,j) = (img.at<cv::Vec3b>(i,j) - minVal)*(255/(maxVal-minVal));
      |                                                                ^~~~~~
In file included from /usr/local/include/opencv4/opencv2/core.hpp:57,
                 from /usr/local/include/opencv4/opencv2/opencv.hpp:52,
                 from /home/panirpal/workspace/Learning/Courses/computer-vision/cpp/src/basicimgops.cpp:1:
/usr/local/include/opencv4/opencv2/core/types.hpp:1084:14: note: candidate: ‘template<class _Tp> cv::Complex<_Tp> cv::operator-(const cv::Complex<_Tp>&)’
 1084 | Complex<_Tp> operator - (const Complex<_Tp>& a)
      |              ^~~~~~~~
/usr/local/include/opencv4/opencv2/core/types.hpp:1084:14: note:   template argument deduction/substitution failed:
/home/panirpal/workspace/Learning/Courses/computer-vision/cpp/src/basicimgops.cpp:68:64: note:   ‘cv::Vec<unsigned char, 3>’ is not derived from ‘const cv::Complex<_Tp>’
   68 |             img.at<cv::Vec3b>(i,j) = (img.at<cv::Vec3b>(i,j) - minVal)*(255/(maxVal-minVal));
      |                                                                ^~~~~~
In file included from /usr/local/include/opencv4/opencv2/core.hpp:57,
                 from /usr/local/include/opencv4/opencv2/opencv.hpp:52,
                 from /home/panirpal/workspace/Learning/Courses/computer-vision/cpp/src/basicimgops.cpp:1:
/usr/local/include/opencv4/opencv2/core/types.hpp:1114:14: note: candidate: ‘template<class _Tp> cv::Complex<_Tp> cv::operator-(const cv::Complex<_Tp>&, _Tp)’
 1114 | Complex<_Tp> operator - (const Complex<_Tp>& a, _Tp b)
      |              ^~~~~~~~
/usr/local/include/opencv4/opencv2/core/types.hpp:1114:14: note:   template argument deduction/substitution failed:
/home/panirpal/workspace/Learning/Courses/computer-vision/cpp/src/basicimgops.cpp:68:64: note:   ‘cv::Vec<unsigned char, 3>’ is not derived from ‘const cv::Complex<_Tp>’
   68 |             img.at<cv::Vec3b>(i,j) = (img.at<cv::Vec3b>(i,j) - minVal)*(255/(maxVal-minVal));
      |                                                                ^~~~~~
In file included from /usr/local/include/opencv4/opencv2/core.hpp:57,
                 from /usr/local/include/opencv4/opencv2/opencv.hpp:52,
                 from /home/panirpal/workspace/Learning/Courses/computer-vision/cpp/src/basicimgops.cpp:1:
/usr/local/include/opencv4/opencv2/core/types.hpp:1124:14: note: candidate: ‘template<class _Tp> cv::Complex<_Tp> cv::operator-(_Tp, const cv::Complex<_Tp>&)’
 1124 | Complex<_Tp> operator - (_Tp b, const Complex<_Tp>& a)
      |              ^~~~~~~~
/usr/local/include/opencv4/opencv2/core/types.hpp:1124:14: note:   template argument deduction/substitution failed:
/home/panirpal/workspace/Learning/Courses/computer-vision/cpp/src/basicimgops.cpp:68:64: note:   mismatched types ‘const cv::Complex<_Tp>’ and ‘u_char’ {aka ‘unsigned char’}
   68 |             img.at<cv::Vec3b>(i,j) = (img.at<cv::Vec3b>(i,j) - minVal)*(255/(maxVal-minVal));
      |                                                                ^~~~~~
In file included from /usr/local/include/opencv4/opencv2/core.hpp:57,
                 from /usr/local/include/opencv4/opencv2/opencv.hpp:52,
                 from /home/panirpal/workspace/Learning/Courses/computer-vision/cpp/src/basicimgops.cpp:1:
/usr/local/include/opencv4/opencv2/core/types.hpp:1349:13: note: candidate: ‘template<class _Tp> cv::Point_<_Tp> cv::operator-(const cv::Point_<_Tp>&, const cv::Point_<_Tp>&)’
 1349 | Point_<_Tp> operator - (const Point_<_Tp>& a, const Point_<_Tp>& b)
      |             ^~~~~~~~
/usr/local/include/opencv4/opencv2/core/types.hpp:1349:13: note:   template argument deduction/substitution failed:
/home/panirpal/workspace/Learning/Courses/computer-vision/cpp/src/basicimgops.cpp:68:64: note:   ‘cv::Vec<unsigned char, 3>’ is not derived from ‘const cv::Point_<_Tp>’
   68 |             img.at<cv::Vec3b>(i,j) = (img.at<cv::Vec3b>(i,j) - minVal)*(255/(maxVal-minVal));
      |                                                                ^~~~~~
In file included from /usr/local/include/opencv4/opencv2/core.hpp:57,
                 from /usr/local/include/opencv4/opencv2/opencv.hpp:52,
                 from /home/panirpal/workspace/Learning/Courses/computer-vision/cpp/src/basicimgops.cpp:1:
/usr/local/include/opencv4/opencv2/core/types.hpp:1355:13: note: candidate: ‘template<class _Tp> cv::Point_<_Tp> cv::operator-(const cv::Point_<_Tp>&)’
 1355 | Point_<_Tp> operator - (const Point_<_Tp>& a)
      |             ^~~~~~~~
/usr/local/include/opencv4/opencv2/core/types.hpp:1355:13: note:   template argument deduction/substitution failed:
/home/panirpal/workspace/Learning/Courses/computer-vision/cpp/src/basicimgops.cpp:68:64: note:   ‘cv::Vec<unsigned char, 3>’ is not derived from ‘const cv::Point_<_Tp>’
   68 |             img.at<cv::Vec3b>(i,j) = (img.at<cv::Vec3b>(i,j) - minVal)*(255/(maxVal-minVal));
      |                                                                ^~~~~~
In file included from /usr/local/include/opencv4/opencv2/core.hpp:57,
                 from /usr/local/include/opencv4/opencv2/opencv.hpp:52,
                 from /home/panirpal/workspace/Learning/Courses/computer-vision/cpp/src/basicimgops.cpp:1:
/usr/local/include/opencv4/opencv2/core/types.hpp:1596:14: note: candidate: ‘template<class _Tp> cv::Point3_<_Tp> cv::operator-(const cv::Point3_<_Tp>&, const cv::Point3_<_Tp>&)’
 1596 | Point3_<_Tp> operator - (const Point3_<_Tp>& a, const Point3_<_Tp>& b)
      |              ^~~~~~~~
/usr/local/include/opencv4/opencv2/core/types.hpp:1596:14: note:   template argument deduction/substitution failed:
/home/panirpal/workspace/Learning/Courses/computer-vision/cpp/src/basicimgops.cpp:68:64: note:   ‘cv::Vec<unsigned char, 3>’ is not derived from ‘const cv::Point3_<_Tp>’
   68 |             img.at<cv::Vec3b>(i,j) = (img.at<cv::Vec3b>(i,j) - minVal)*(255/(maxVal-minVal));
      |                                                                ^~~~~~
In file included from /usr/local/include/opencv4/opencv2/core.hpp:57,
                 from /usr/local/include/opencv4/opencv2/opencv.hpp:52,
                 from /home/panirpal/workspace/Learning/Courses/computer-vision/cpp/src/basicimgops.cpp:1:
/usr/local/include/opencv4/opencv2/core/types.hpp:1602:14: note: candidate: ‘template<class _Tp> cv::Point3_<_Tp> cv::operator-(const cv::Point3_<_Tp>&)’
 1602 | Point3_<_Tp> operator - (const Point3_<_Tp>& a)
      |              ^~~~~~~~
/usr/local/include/opencv4/opencv2/core/types.hpp:1602:14: note:   template argument deduction/substitution failed:
/home/panirpal/workspace/Learning/Courses/computer-vision/cpp/src/basicimgops.cpp:68:64: note:   ‘cv::Vec<unsigned char, 3>’ is not derived from ‘const cv::Point3_<_Tp>’
   68 |             img.at<cv::Vec3b>(i,j) = (img.at<cv::Vec3b>(i,j) - minVal)*(255/(maxVal-minVal));
      |                                                                ^~~~~~
In file included from /usr/local/include/opencv4/opencv2/core.hpp:57,
                 from /usr/local/include/opencv4/opencv2/opencv.hpp:52,
                 from /home/panirpal/workspace/Learning/Courses/computer-vision/cpp/src/basicimgops.cpp:1:
/usr/local/include/opencv4/opencv2/core/types.hpp:1781:12: note: candidate: ‘template<class _Tp> cv::Size_<_Tp> cv::operator-(const cv::Size_<_Tp>&, const cv::Size_<_Tp>&)’
 1781 | Size_<_Tp> operator - (const Size_<_Tp>& a, const Size_<_Tp>& b)
      |            ^~~~~~~~
/usr/local/include/opencv4/opencv2/core/types.hpp:1781:12: note:   template argument deduction/substitution failed:
/home/panirpal/workspace/Learning/Courses/computer-vision/cpp/src/basicimgops.cpp:68:64: note:   ‘cv::Vec<unsigned char, 3>’ is not derived from ‘const cv::Size_<_Tp>’
   68 |             img.at<cv::Vec3b>(i,j) = (img.at<cv::Vec3b>(i,j) - minVal)*(255/(maxVal-minVal));
      |                                                                ^~~~~~
In file included from /usr/local/include/opencv4/opencv2/core.hpp:57,
                 from /usr/local/include/opencv4/opencv2/opencv.hpp:52,
                 from /home/panirpal/workspace/Learning/Courses/computer-vision/cpp/src/basicimgops.cpp:1:
/usr/local/include/opencv4/opencv2/core/types.hpp:1976:12: note: candidate: ‘template<class _Tp> cv::Rect_<_Tp> cv::operator-(const cv::Rect_<_Tp>&, const cv::Point_<_Tp>&)’
 1976 | Rect_<_Tp> operator - (const Rect_<_Tp>& a, const Point_<_Tp>& b)
      |            ^~~~~~~~
/usr/local/include/opencv4/opencv2/core/types.hpp:1976:12: note:   template argument deduction/substitution failed:
/home/panirpal/workspace/Learning/Courses/computer-vision/cpp/src/basicimgops.cpp:68:64: note:   ‘cv::Vec<unsigned char, 3>’ is not derived from ‘const cv::Rect_<_Tp>’
   68 |             img.at<cv::Vec3b>(i,j) = (img.at<cv::Vec3b>(i,j) - minVal)*(255/(maxVal-minVal));
      |                                                                ^~~~~~
In file included from /usr/local/include/opencv4/opencv2/core.hpp:57,
                 from /usr/local/include/opencv4/opencv2/opencv.hpp:52,
                 from /home/panirpal/workspace/Learning/Courses/computer-vision/cpp/src/basicimgops.cpp:1:
/usr/local/include/opencv4/opencv2/core/types.hpp:1988:12: note: candidate: ‘template<class _Tp> cv::Rect_<_Tp> cv::operator-(const cv::Rect_<_Tp>&, const cv::Size_<_Tp>&)’
 1988 | Rect_<_Tp> operator - (const Rect_<_Tp>& a, const Size_<_Tp>& b)
      |            ^~~~~~~~
/usr/local/include/opencv4/opencv2/core/types.hpp:1988:12: note:   template argument deduction/substitution failed:
/home/panirpal/workspace/Learning/Courses/computer-vision/cpp/src/basicimgops.cpp:68:64: note:   ‘cv::Vec<unsigned char, 3>’ is not derived from ‘const cv::Rect_<_Tp>’
   68 |             img.at<cv::Vec3b>(i,j) = (img.at<cv::Vec3b>(i,j) - minVal)*(255/(maxVal-minVal));
      |                                                                ^~~~~~
In file included from /usr/local/include/opencv4/opencv2/core.hpp:57,
                 from /usr/local/include/opencv4/opencv2/opencv.hpp:52,
                 from /home/panirpal/workspace/Learning/Courses/computer-vision/cpp/src/basicimgops.cpp:1:
/usr/local/include/opencv4/opencv2/core/types.hpp:2292:14: note: candidate: ‘template<class _Tp> cv::Scalar_<_Tp> cv::operator-(const cv::Scalar_<_Tp>&, const cv::Scalar_<_Tp>&)’
 2292 | Scalar_<_Tp> operator - (const Scalar_<_Tp>& a, const Scalar_<_Tp>& b)
      |              ^~~~~~~~
/usr/local/include/opencv4/opencv2/core/types.hpp:2292:14: note:   template argument deduction/substitution failed:
/home/panirpal/workspace/Learning/Courses/computer-vision/cpp/src/basicimgops.cpp:68:64: note:   ‘cv::Vec<unsigned char, 3>’ is not derived from ‘const cv::Scalar_<_Tp>’
   68 |             img.at<cv::Vec3b>(i,j) = (img.at<cv::Vec3b>(i,j) - minVal)*(255/(maxVal-minVal));
      |                                                                ^~~~~~
In file included from /usr/local/include/opencv4/opencv2/core.hpp:57,
                 from /usr/local/include/opencv4/opencv2/opencv.hpp:52,
                 from /home/panirpal/workspace/Learning/Courses/computer-vision/cpp/src/basicimgops.cpp:1:
/usr/local/include/opencv4/opencv2/core/types.hpp:2316:14: note: candidate: ‘template<class _Tp> cv::Scalar_<_Tp> cv::operator-(const cv::Scalar_<_Tp>&)’
 2316 | Scalar_<_Tp> operator - (const Scalar_<_Tp>& a)
      |              ^~~~~~~~
/usr/local/include/opencv4/opencv2/core/types.hpp:2316:14: note:   template argument deduction/substitution failed:
/home/panirpal/workspace/Learning/Courses/computer-vision/cpp/src/basicimgops.cpp:68:64: note:   ‘cv::Vec<unsigned char, 3>’ is not derived from ‘const cv::Scalar_<_Tp>’
   68 |             img.at<cv::Vec3b>(i,j) = (img.at<cv::Vec3b>(i,j) - minVal)*(255/(maxVal-minVal));
      |                                                                ^~~~~~
In file included from /usr/local/include/opencv4/opencv2/core.hpp:58,
                 from /usr/local/include/opencv4/opencv2/opencv.hpp:52,
                 from /home/panirpal/workspace/Learning/Courses/computer-vision/cpp/src/basicimgops.cpp:1:
/usr/local/include/opencv4/opencv2/core/mat.hpp:3649:9: note: candidate: ‘template<class _Tp, int m, int n> cv::MatExpr cv::operator-(const cv::Mat&, const cv::Matx<_Tp, m, n>&)’
 3649 | MatExpr operator - (const Mat& a, const Matx<_Tp, m, n>& b) { return a - Mat(b); }
      |         ^~~~~~~~
/usr/local/include/opencv4/opencv2/core/mat.hpp:3649:9: note:   template argument deduction/substitution failed:
/home/panirpal/workspace/Learning/Courses/computer-vision/cpp/src/basicimgops.cpp:68:64: note:   mismatched types ‘const cv::Matx<_Tp, m, n>’ and ‘u_char’ {aka ‘unsigned char’}
   68 |             img.at<cv::Vec3b>(i,j) = (img.at<cv::Vec3b>(i,j) - minVal)*(255/(maxVal-minVal));
      |                                                                ^~~~~~
In file included from /usr/local/include/opencv4/opencv2/core.hpp:58,
                 from /usr/local/include/opencv4/opencv2/opencv.hpp:52,
                 from /home/panirpal/workspace/Learning/Courses/computer-vision/cpp/src/basicimgops.cpp:1:
/usr/local/include/opencv4/opencv2/core/mat.hpp:3651:9: note: candidate: ‘template<class _Tp, int m, int n> cv::MatExpr cv::operator-(const cv::Matx<_Tp, m, n>&, const cv::Mat&)’
 3651 | MatExpr operator - (const Matx<_Tp, m, n>& a, const Mat& b) { return Mat(a) - b; }
      |         ^~~~~~~~
/usr/local/include/opencv4/opencv2/core/mat.hpp:3651:9: note:   template argument deduction/substitution failed:
/home/panirpal/workspace/Learning/Courses/computer-vision/cpp/src/basicimgops.cpp:68:64: note:   cannot convert ‘minVal’ (type ‘u_char’ {aka ‘unsigned char’}) to type ‘const cv::Mat&’
   68 |             img.at<cv::Vec3b>(i,j) = (img.at<cv::Vec3b>(i,j) - minVal)*(255/(maxVal-minVal));
      |                                                                ^~~~~~
In file included from /usr/local/include/opencv4/opencv2/core/mat.hpp:3794,
                 from /usr/local/include/opencv4/opencv2/core.hpp:58,
                 from /usr/local/include/opencv4/opencv2/opencv.hpp:52,
                 from /home/panirpal/workspace/Learning/Courses/computer-vision/cpp/src/basicimgops.cpp:1:
/usr/local/include/opencv4/opencv2/core/mat.inl.hpp:2601:24: note: candidate: ‘template<class _Tp> cv::MatConstIterator_<_Tp> cv::operator-(const cv::MatConstIterator_<_Tp>&, ptrdiff_t)’
 2601 | MatConstIterator_<_Tp> operator - (const MatConstIterator_<_Tp>& a, ptrdiff_t ofs)
      |                        ^~~~~~~~
/usr/local/include/opencv4/opencv2/core/mat.inl.hpp:2601:24: note:   template argument deduction/substitution failed:
/home/panirpal/workspace/Learning/Courses/computer-vision/cpp/src/basicimgops.cpp:68:64: note:   ‘cv::Vec<unsigned char, 3>’ is not derived from ‘const cv::MatConstIterator_<_Tp>’
   68 |             img.at<cv::Vec3b>(i,j) = (img.at<cv::Vec3b>(i,j) - minVal)*(255/(maxVal-minVal));
      |                                                                ^~~~~~
In file included from /usr/local/include/opencv4/opencv2/core/mat.hpp:3794,
                 from /usr/local/include/opencv4/opencv2/core.hpp:58,
                 from /usr/local/include/opencv4/opencv2/opencv.hpp:52,
                 from /home/panirpal/workspace/Learning/Courses/computer-vision/cpp/src/basicimgops.cpp:1:
/usr/local/include/opencv4/opencv2/core/mat.inl.hpp:2738:19: note: candidate: ‘template<class _Tp> cv::MatIterator_<_Tp> cv::operator-(const cv::MatIterator_<_Tp>&, ptrdiff_t)’
 2738 | MatIterator_<_Tp> operator - (const MatIterator_<_Tp>& a, ptrdiff_t ofs)
      |                   ^~~~~~~~
/usr/local/include/opencv4/opencv2/core/mat.inl.hpp:2738:19: note:   template argument deduction/substitution failed:
/home/panirpal/workspace/Learning/Courses/computer-vision/cpp/src/basicimgops.cpp:68:64: note:   ‘cv::Vec<unsigned char, 3>’ is not derived from ‘const cv::MatIterator_<_Tp>’
   68 |             img.at<cv::Vec3b>(i,j) = (img.at<cv::Vec3b>(i,j) - minVal)*(255/(maxVal-minVal));
      |                                                                ^~~~~~
In file included from /usr/local/include/opencv4/opencv2/core.hpp:57,
                 from /usr/local/include/opencv4/opencv2/opencv.hpp:52,
                 from /home/panirpal/workspace/Learning/Courses/computer-vision/cpp/src/basicimgops.cpp:1:
/usr/local/include/opencv4/opencv2/core/types.hpp:2125:7: note: candidate: ‘cv::Range cv::operator-(const cv::Range&, int)’
 2125 | Range operator - (const Range& r1, int delta)
      |       ^~~~~~~~
/usr/local/include/opencv4/opencv2/core/types.hpp:2125:32: note:   no known conversion for argument 1 from ‘cv::Vec<unsigned char, 3>’ to ‘const cv::Range&’
 2125 | Range operator - (const Range& r1, int delta)
      |                   ~~~~~~~~~~~~~^~
In file included from /usr/local/include/opencv4/opencv2/core.hpp:58,
                 from /usr/local/include/opencv4/opencv2/opencv.hpp:52,
                 from /home/panirpal/workspace/Learning/Courses/computer-vision/cpp/src/basicimgops.cpp:1:
/usr/local/include/opencv4/opencv2/core/mat.hpp:3640:20: note: candidate: ‘cv::MatExpr cv::operator-(const cv::Mat&, const cv::Mat&)’
 3640 | CV_EXPORTS MatExpr operator - (const Mat& a, const Mat& b);
      |                    ^~~~~~~~
/usr/local/include/opencv4/opencv2/core/mat.hpp:3640:43: note:   no known conversion for argument 1 from ‘cv::Vec<unsigned char, 3>’ to ‘const cv::Mat&’
 3640 | CV_EXPORTS MatExpr operator - (const Mat& a, const Mat& b);
      |                                ~~~~~~~~~~~^
/usr/local/include/opencv4/opencv2/core/mat.hpp:3641:20: note: candidate: ‘cv::MatExpr cv::operator-(const cv::Mat&, const Scalar&)’
 3641 | CV_EXPORTS MatExpr operator - (const Mat& a, const Scalar& s);
      |                    ^~~~~~~~
/usr/local/include/opencv4/opencv2/core/mat.hpp:3641:43: note:   no known conversion for argument 1 from ‘cv::Vec<unsigned char, 3>’ to ‘const cv::Mat&’
 3641 | CV_EXPORTS MatExpr operator - (const Mat& a, const Scalar& s);
      |                                ~~~~~~~~~~~^
/usr/local/include/opencv4/opencv2/core/mat.hpp:3642:20: note: candidate: ‘cv::MatExpr cv::operator-(const Scalar&, const cv::Mat&)’
 3642 | CV_EXPORTS MatExpr operator - (const Scalar& s, const Mat& a);
      |                    ^~~~~~~~
/usr/local/include/opencv4/opencv2/core/mat.hpp:3642:60: note:   no known conversion for argument 2 from ‘u_char’ {aka ‘unsigned char’} to ‘const cv::Mat&’
 3642 | CV_EXPORTS MatExpr operator - (const Scalar& s, const Mat& a);
      |                                                 ~~~~~~~~~~~^
/usr/local/include/opencv4/opencv2/core/mat.hpp:3643:20: note: candidate: ‘cv::MatExpr cv::operator-(const cv::MatExpr&, const cv::Mat&)’
 3643 | CV_EXPORTS MatExpr operator - (const MatExpr& e, const Mat& m);
      |                    ^~~~~~~~
/usr/local/include/opencv4/opencv2/core/mat.hpp:3643:47: note:   no known conversion for argument 1 from ‘cv::Vec<unsigned char, 3>’ to ‘const cv::MatExpr&’
 3643 | CV_EXPORTS MatExpr operator - (const MatExpr& e, const Mat& m);
      |                                ~~~~~~~~~~~~~~~^
/usr/local/include/opencv4/opencv2/core/mat.hpp:3644:20: note: candidate: ‘cv::MatExpr cv::operator-(const cv::Mat&, const cv::MatExpr&)’
 3644 | CV_EXPORTS MatExpr operator - (const Mat& m, const MatExpr& e);
      |                    ^~~~~~~~
/usr/local/include/opencv4/opencv2/core/mat.hpp:3644:43: note:   no known conversion for argument 1 from ‘cv::Vec<unsigned char, 3>’ to ‘const cv::Mat&’
 3644 | CV_EXPORTS MatExpr operator - (const Mat& m, const MatExpr& e);
      |                                ~~~~~~~~~~~^
/usr/local/include/opencv4/opencv2/core/mat.hpp:3645:20: note: candidate: ‘cv::MatExpr cv::operator-(const cv::MatExpr&, const Scalar&)’
 3645 | CV_EXPORTS MatExpr operator - (const MatExpr& e, const Scalar& s);
      |                    ^~~~~~~~
/usr/local/include/opencv4/opencv2/core/mat.hpp:3645:47: note:   no known conversion for argument 1 from ‘cv::Vec<unsigned char, 3>’ to ‘const cv::MatExpr&’
 3645 | CV_EXPORTS MatExpr operator - (const MatExpr& e, const Scalar& s);
      |                                ~~~~~~~~~~~~~~~^
/usr/local/include/opencv4/opencv2/core/mat.hpp:3646:20: note: candidate: ‘cv::MatExpr cv::operator-(const Scalar&, const cv::MatExpr&)’
 3646 | CV_EXPORTS MatExpr operator - (const Scalar& s, const MatExpr& e);
      |                    ^~~~~~~~
/usr/local/include/opencv4/opencv2/core/mat.hpp:3646:64: note:   no known conversion for argument 2 from ‘u_char’ {aka ‘unsigned char’} to ‘const cv::MatExpr&’
 3646 | CV_EXPORTS MatExpr operator - (const Scalar& s, const MatExpr& e);
      |                                                 ~~~~~~~~~~~~~~~^
/usr/local/include/opencv4/opencv2/core/mat.hpp:3647:20: note: candidate: ‘cv::MatExpr cv::operator-(const cv::MatExpr&, const cv::MatExpr&)’
 3647 | CV_EXPORTS MatExpr operator - (const MatExpr& e1, const MatExpr& e2);
      |                    ^~~~~~~~
/usr/local/include/opencv4/opencv2/core/mat.hpp:3647:47: note:   no known conversion for argument 1 from ‘cv::Vec<unsigned char, 3>’ to ‘const cv::MatExpr&’
 3647 | CV_EXPORTS MatExpr operator - (const MatExpr& e1, const MatExpr& e2);
      |                                ~~~~~~~~~~~~~~~^~
/usr/local/include/opencv4/opencv2/core/mat.hpp:3653:20: note: candidate: ‘cv::MatExpr cv::operator-(const cv::Mat&)’
 3653 | CV_EXPORTS MatExpr operator - (const Mat& m);
      |                    ^~~~~~~~
/usr/local/include/opencv4/opencv2/core/mat.hpp:3653:20: note:   candidate expects 1 argument, 2 provided
/usr/local/include/opencv4/opencv2/core/mat.hpp:3654:20: note: candidate: ‘cv::MatExpr cv::operator-(const cv::MatExpr&)’
 3654 | CV_EXPORTS MatExpr operator - (const MatExpr& e);
      |                    ^~~~~~~~
/usr/local/include/opencv4/opencv2/core/mat.hpp:3654:20: note:   candidate expects 1 argument, 2 provided
In file included from /usr/local/include/opencv4/opencv2/core/mat.hpp:3794,
                 from /usr/local/include/opencv4/opencv2/core.hpp:58,
                 from /usr/local/include/opencv4/opencv2/opencv.hpp:52,
                 from /home/panirpal/workspace/Learning/Courses/computer-vision/cpp/src/basicimgops.cpp:1:
/usr/local/include/opencv4/opencv2/core/mat.inl.hpp:2428:11: note: candidate: ‘ptrdiff_t cv::operator-(const cv::MatConstIterator&, const cv::MatConstIterator&)’
 2428 | ptrdiff_t operator - (const MatConstIterator& b, const MatConstIterator& a)
      |           ^~~~~~~~
/usr/local/include/opencv4/opencv2/core/mat.inl.hpp:2428:47: note:   no known conversion for argument 1 from ‘cv::Vec<unsigned char, 3>’ to ‘const cv::MatConstIterator&’
 2428 | ptrdiff_t operator - (const MatConstIterator& b, const MatConstIterator& a)
      |                       ~~~~~~~~~~~~~~~~~~~~~~~~^
/usr/local/include/opencv4/opencv2/core/mat.inl.hpp:2453:18: note: candidate: ‘cv::MatConstIterator cv::operator-(const cv::MatConstIterator&, ptrdiff_t)’
 2453 | MatConstIterator operator - (const MatConstIterator& a, ptrdiff_t ofs)
      |                  ^~~~~~~~
/usr/local/include/opencv4/opencv2/core/mat.inl.hpp:2453:54: note:   no known conversion for argument 1 from ‘cv::Vec<unsigned char, 3>’ to ‘const cv::MatConstIterator&’
 2453 | MatConstIterator operator - (const MatConstIterator& a, ptrdiff_t ofs)
      |                              ~~~~~~~~~~~~~~~~~~~~~~~~^
In file included from /usr/local/include/opencv4/opencv2/core.hpp:59,
                 from /usr/local/include/opencv4/opencv2/opencv.hpp:52,
                 from /home/panirpal/workspace/Learning/Courses/computer-vision/cpp/src/basicimgops.cpp:1:
/usr/local/include/opencv4/opencv2/core/persistence.hpp:1335:11: note: candidate: ‘ptrdiff_t cv::operator-(const cv::FileNodeIterator&, const cv::FileNodeIterator&)’
 1335 | ptrdiff_t operator - (const FileNodeIterator& it1, const FileNodeIterator& it2)
      |           ^~~~~~~~
/usr/local/include/opencv4/opencv2/core/persistence.hpp:1335:47: note:   no known conversion for argument 1 from ‘cv::Vec<unsigned char, 3>’ to ‘const cv::FileNodeIterator&’
 1335 | ptrdiff_t operator - (const FileNodeIterator& it1, const FileNodeIterator& it2)
      |                       ~~~~~~~~~~~~~~~~~~~~~~~~^~~
make[2]: *** [CMakeFiles/machineVision.dir/build.make:76: CMakeFiles/machineVision.dir/src/basicimgops.cpp.o] Error 1
make[1]: *** [CMakeFiles/Makefile2:83: CMakeFiles/machineVision.dir/all] Error 2
make: *** [Makefile:91: all] Error 2
mv: cannot stat 'machineVision': No such file or directory
